<?xml version="1.0" encoding="UTF-8"?>
<!-- Generated by org.testng.reporters.JUnitXMLReporter -->
<testsuite ignored="0" hostname="DESKTOP-SBCUFVJ" failures="0" tests="2" name="Default test" time="11.324" errors="0" timestamp="2022-06-05T11:52:04 EDT">
  <testcase classname="cucumber.api.testng.AbstractTestNGCucumberTests" name="runScenario" time="5.872"/>
  <testcase classname="cucumber.api.testng.AbstractTestNGCucumberTests" name="runScenario" time="5.085"/>
</testsuite> <!-- Default test -->
