<?xml version="1.0" encoding="UTF-8"?>
<!-- Generated by org.testng.reporters.JUnitXMLReporter -->
<testsuite ignored="0" hostname="DESKTOP-SBCUFVJ" failures="0" tests="3" name="Test" time="56.489" errors="0" timestamp="2022-05-15T11:27:25 EDT">
  <testcase classname="learnParameters.Prameters_CreateLead" name="createLead" time="9.661"/>
  <testcase classname="learnParameters.Prameters_CreateLead" name="createLead" time="9.177"/>
  <testcase classname="learnParameters.Prameters_CreateLead" name="createLead" time="9.543"/>
</testsuite> <!-- Test -->
