<?xml version="1.0" encoding="UTF-8"?>
<testng-results ignored="0" total="2" passed="2" failed="0" skipped="0">
  <reporter-output>
  </reporter-output>
  <suite started-at="2022-06-05T11:51:52 EDT" name="Default suite" finished-at="2022-06-05T11:52:03 EDT" duration-ms="11324">
    <groups>
      <group name="cucumber">
        <method signature="AbstractTestNGCucumberTests.runScenario(cucumber.api.testng.PickleEventWrapper, cucumber.api.testng.CucumberFeatureWrapper)[pri:0, instance:steps.RunnerFile@460d0a57]" name="runScenario" class="cucumber.api.testng.AbstractTestNGCucumberTests"/>
      </group> <!-- cucumber -->
    </groups>
    <test started-at="2022-06-05T11:51:52 EDT" name="Default test" finished-at="2022-06-05T11:52:03 EDT" duration-ms="11324">
      <class name="steps.RunnerFile">
        <test-method is-config="true" signature="setUpClass()[pri:0, instance:steps.RunnerFile@460d0a57]" started-at="2022-06-05T11:51:52 EDT" name="setUpClass" finished-at="2022-06-05T11:51:52 EDT" duration-ms="179" status="PASS">
          <reporter-output>
          </reporter-output>
        </test-method> <!-- setUpClass -->
        <test-method signature="runScenario(cucumber.api.testng.PickleEventWrapper, cucumber.api.testng.CucumberFeatureWrapper)[pri:0, instance:steps.RunnerFile@460d0a57]" started-at="2022-06-05T11:51:52 EDT" name="runScenario" description="Runs Cucumber Scenarios" data-provider="scenarios" finished-at="2022-06-05T11:51:58 EDT" duration-ms="5872" status="PASS">
          <params>
            <param index="0">
              <value>
                <![CDATA["TC001_LogIn and LogOut"]]>
              </value>
            </param>
            <param index="1">
              <value>
                <![CDATA["Automate Leaftap Application"]]>
              </value>
            </param>
          </params>
          <reporter-output>
          </reporter-output>
        </test-method> <!-- runScenario -->
        <test-method signature="runScenario(cucumber.api.testng.PickleEventWrapper, cucumber.api.testng.CucumberFeatureWrapper)[pri:0, instance:steps.RunnerFile@460d0a57]" started-at="2022-06-05T11:51:58 EDT" name="runScenario" description="Runs Cucumber Scenarios" data-provider="scenarios" finished-at="2022-06-05T11:52:03 EDT" duration-ms="5085" status="PASS">
          <params>
            <param index="0">
              <value>
                <![CDATA["TC001_LogIn and LogOut"]]>
              </value>
            </param>
            <param index="1">
              <value>
                <![CDATA["Automate Leaftap Application"]]>
              </value>
            </param>
          </params>
          <reporter-output>
          </reporter-output>
        </test-method> <!-- runScenario -->
        <test-method is-config="true" signature="tearDownClass()[pri:0, instance:steps.RunnerFile@460d0a57]" started-at="2022-06-05T11:52:03 EDT" name="tearDownClass" finished-at="2022-06-05T11:52:03 EDT" duration-ms="70" status="PASS">
          <reporter-output>
          </reporter-output>
        </test-method> <!-- tearDownClass -->
      </class> <!-- steps.RunnerFile -->
    </test> <!-- Default test -->
  </suite> <!-- Default suite -->
</testng-results>
